<?xml version="1.0" encoding="UTF-8"?>
<testng-results skipped="0" failed="0" ignored="0" total="1" passed="1">
  <reporter-output>
  </reporter-output>
  <suite name="Default suite" duration-ms="64964" started-at="2020-12-07T11:09:46 IST" finished-at="2020-12-07T11:10:51 IST">
    <groups>
    </groups>
    <test name="Default test" duration-ms="64964" started-at="2020-12-07T11:09:46 IST" finished-at="2020-12-07T11:10:51 IST">
      <class name="New.Spicejet.Spicejetsearch">
        <test-method status="PASS" signature="launchbrowser()[pri:0, instance:New.Spicejet.Spicejetsearch@63e2203c]" name="launchbrowser" is-config="true" duration-ms="25068" started-at="2020-12-07T11:09:21 IST" finished-at="2020-12-07T11:09:46 IST">
          <reporter-output>
          </reporter-output>
        </test-method> <!-- launchbrowser -->
        <test-method status="PASS" signature="search()[pri:1, instance:New.Spicejet.Spicejetsearch@63e2203c]" name="search" duration-ms="64849" started-at="2020-12-07T11:09:47 IST" finished-at="2020-12-07T11:10:51 IST">
          <reporter-output>
          </reporter-output>
        </test-method> <!-- search -->
      </class> <!-- New.Spicejet.Spicejetsearch -->
    </test> <!-- Default test -->
  </suite> <!-- Default suite -->
</testng-results>
